#
# There is insufficient memory for the Java Runtime Environment to continue.
# Native memory allocation (malloc) failed to allocate 1048576 bytes for AllocateHeap
# Possible reasons:
#   The system is out of physical RAM or swap space
#   The process is running with CompressedOops enabled, and the Java Heap may be blocking the growth of the native heap
# Possible solutions:
#   Reduce memory load on the system
#   Increase physical memory or swap space
#   Check if swap backing store is full
#   Decrease Java heap size (-Xmx/-Xms)
#   Decrease number of Java threads
#   Decrease Java thread stack sizes (-Xss)
#   Set larger code cache with -XX:ReservedCodeCacheSize=
#   JVM is running with Unscaled Compressed Oops mode in which the Java heap is
#     placed in the first 4GB address space. The Java Heap base address is the
#     maximum limit for the native heap growth. Please use -XX:HeapBaseMinAddress
#     to set the Java Heap base and to place the Java Heap above 4GB virtual address.
# This output file may be truncated or incomplete.
#
#  Out of Memory Error (allocation.cpp:44), pid=6672, tid=15580
#
# JRE version:  (17.0.4.1+1) (build )
# Java VM: OpenJDK 64-Bit Server VM (17.0.4.1+1, mixed mode, emulated-client, sharing, tiered, compressed oops, compressed class ptrs, g1 gc, windows-amd64)
# No core dump will be written. Minidumps are not enabled by default on client versions of Windows
#

---------------  S U M M A R Y ------------

Command Line: -XX:+ShowCodeDetailsInExceptionMessages -agentlib:jdwp=transport=dt_socket,suspend=y,address=localhost:54774 -Dcom.sun.management.jmxremote -Dcom.sun.management.jmxremote.port=54423 -Dcom.sun.management.jmxremote.authenticate=false -Dcom.sun.management.jmxremote.ssl=false -Djava.rmi.server.hostname=localhost -Dspring.jmx.enabled=true -Dspring.application.admin.enabled=true -XX:TieredStopAtLevel=1 -Dspring.boot.project.name=nowgateway -javaagent:C:\Users\Bruna\Downloads\sts-4.16.0.RELEASE\configuration\org.eclipse.osgi\268\0\.cp\lib\javaagent-shaded.jar -Dfile.encoding=UTF-8 api.now.nowapigateway.NowapigatewayApplication --spring.output.ansi.enabled=always

Host: AMD Ryzen 5 4600H with Radeon Graphics         , 12 cores, 31G,  Windows 11 , 64 bit Build 22621 (10.0.22621.1778)
Time: Wed Jul  5 16:02:25 2023 Hora Padrão da Bahia elapsed time: 1.196284 seconds (0d 0h 0m 1s)

---------------  T H R E A D  ---------------

Current thread (0x000001dbd2807730):  JavaThread "Unknown thread" [_thread_in_vm, id=15580, stack(0x0000008501e00000,0x0000008501f00000)]

Stack: [0x0000008501e00000,0x0000008501f00000]
Native frames: (J=compiled Java code, j=interpreted, Vv=VM code, C=native code)
V  [jvm.dll+0x67731a]
V  [jvm.dll+0x832284]
V  [jvm.dll+0x833a2e]
V  [jvm.dll+0x834093]
V  [jvm.dll+0x245775]
V  [jvm.dll+0xa6393]
V  [jvm.dll+0x2d7234]
V  [jvm.dll+0x803d7c]
V  [jvm.dll+0x3698f1]
V  [jvm.dll+0x7e31bc]
V  [jvm.dll+0x3ec25f]
V  [jvm.dll+0x3edde1]
C  [jli.dll+0x5277]
C  [ucrtbase.dll+0x29363]
C  [KERNEL32.DLL+0x126ad]
C  [ntdll.dll+0x5a9f8]


---------------  P R O C E S S  ---------------

Threads class SMR info:
_java_thread_list=0x00007ffd6dd34e98, length=0, elements={
}

Java Threads: ( => current thread )

Other Threads:

=>0x000001dbd2807730 (exited) JavaThread "Unknown thread" [_thread_in_vm, id=15580, stack(0x0000008501e00000,0x0000008501f00000)]

Threads with active compile tasks:

VM state: not at safepoint (not fully initialized)

VM Mutex/Monitor currently owned by a thread: None

Heap address: 0x0000000000000000, size: 0 MB, Compressed Oops mode: 32-bit

CDS archive(s) mapped at: [0x0000000000000000-0x0000000000000000-0x0000000000000000), size 0, SharedBaseAddress: 0x0000000800000000, ArchiveRelocationMode: 0.
Narrow klass base: 0x0000000000000000, Narrow klass shift: 0, Narrow klass range: 0x0

GC Precious Log:
<Empty>

GC Heap History (0 events):
No events

Deoptimization events (0 events):
No events

Classes unloaded (0 events):
No events

Classes redefined (0 events):
No events

Internal exceptions (0 events):
No events

VM Operations (0 events):
No events

Events (1 events):
Event: 0.051 Loaded shared library C:\Users\Bruna\Downloads\sts-4.16.0.RELEASE\plugins\org.eclipse.justj.openjdk.hotspot.jre.full.win32.x86_64_17.0.4.v20220903-1038\jre\bin\java.dll


Dynamic libraries:
0x00007ff7b5c50000 - 0x00007ff7b5c5e000 	C:\Users\Bruna\Downloads\sts-4.16.0.RELEASE\plugins\org.eclipse.justj.openjdk.hotspot.jre.full.win32.x86_64_17.0.4.v20220903-1038\jre\bin\javaw.exe
0x00007ffde60d0000 - 0x00007ffde62e4000 	C:\WINDOWS\SYSTEM32\ntdll.dll
0x00007ffde4ef0000 - 0x00007ffde4fb2000 	C:\WINDOWS\System32\KERNEL32.DLL
0x00007ffde3990000 - 0x00007ffde3d33000 	C:\WINDOWS\System32\KERNELBASE.dll
0x00007ffde37c0000 - 0x00007ffde38d1000 	C:\WINDOWS\System32\ucrtbase.dll
0x00007ffddead0000 - 0x00007ffddeae8000 	C:\Users\Bruna\Downloads\sts-4.16.0.RELEASE\plugins\org.eclipse.justj.openjdk.hotspot.jre.full.win32.x86_64_17.0.4.v20220903-1038\jre\bin\jli.dll
0x00007ffde4710000 - 0x00007ffde48bb000 	C:\WINDOWS\System32\USER32.dll
0x00007ffde3960000 - 0x00007ffde3986000 	C:\WINDOWS\System32\win32u.dll
0x00007ffde5f30000 - 0x00007ffde5f59000 	C:\WINDOWS\System32\GDI32.dll
0x00007ffde36a0000 - 0x00007ffde37b9000 	C:\WINDOWS\System32\gdi32full.dll
0x00007ffde34d0000 - 0x00007ffde356a000 	C:\WINDOWS\System32\msvcp_win.dll
0x00007ffddc5f0000 - 0x00007ffddc609000 	C:\Users\Bruna\Downloads\sts-4.16.0.RELEASE\plugins\org.eclipse.justj.openjdk.hotspot.jre.full.win32.x86_64_17.0.4.v20220903-1038\jre\bin\VCRUNTIME140.dll
0x00007ffdd2600000 - 0x00007ffdd288e000 	C:\WINDOWS\WinSxS\amd64_microsoft.windows.common-controls_6595b64144ccf1df_6.0.22621.1635_none_270f70857386168e\COMCTL32.dll
0x00007ffde54e0000 - 0x00007ffde5587000 	C:\WINDOWS\System32\msvcrt.dll
0x00007ffde5370000 - 0x00007ffde53a1000 	C:\WINDOWS\System32\IMM32.DLL
0x00007ffddec50000 - 0x00007ffddec5c000 	C:\Users\Bruna\Downloads\sts-4.16.0.RELEASE\plugins\org.eclipse.justj.openjdk.hotspot.jre.full.win32.x86_64_17.0.4.v20220903-1038\jre\bin\vcruntime140_1.dll
0x00007ffda7720000 - 0x00007ffda77b1000 	C:\Users\Bruna\Downloads\sts-4.16.0.RELEASE\plugins\org.eclipse.justj.openjdk.hotspot.jre.full.win32.x86_64_17.0.4.v20220903-1038\jre\bin\msvcp140.dll
0x00007ffd6d220000 - 0x00007ffd6de66000 	C:\Users\Bruna\Downloads\sts-4.16.0.RELEASE\plugins\org.eclipse.justj.openjdk.hotspot.jre.full.win32.x86_64_17.0.4.v20220903-1038\jre\bin\server\jvm.dll
0x00007ffde4660000 - 0x00007ffde470e000 	C:\WINDOWS\System32\ADVAPI32.dll
0x00007ffde4c80000 - 0x00007ffde4d24000 	C:\WINDOWS\System32\sechost.dll
0x00007ffde48d0000 - 0x00007ffde49e7000 	C:\WINDOWS\System32\RPCRT4.dll
0x00007ffde4ee0000 - 0x00007ffde4ee8000 	C:\WINDOWS\System32\PSAPI.DLL
0x00007ffdc8930000 - 0x00007ffdc8939000 	C:\WINDOWS\SYSTEM32\WSOCK32.dll
0x00007ffde5f60000 - 0x00007ffde5fd1000 	C:\WINDOWS\System32\WS2_32.dll
0x00007ffddd6e0000 - 0x00007ffddd714000 	C:\WINDOWS\SYSTEM32\WINMM.dll
0x00007ffddc9d0000 - 0x00007ffddc9da000 	C:\WINDOWS\SYSTEM32\VERSION.dll
0x00007ffde2610000 - 0x00007ffde2628000 	C:\WINDOWS\SYSTEM32\kernel.appcore.dll
0x00007ffddf0e0000 - 0x00007ffddf0ea000 	C:\Users\Bruna\Downloads\sts-4.16.0.RELEASE\plugins\org.eclipse.justj.openjdk.hotspot.jre.full.win32.x86_64_17.0.4.v20220903-1038\jre\bin\jimage.dll
0x00007ffddaf80000 - 0x00007ffddb1ae000 	C:\WINDOWS\SYSTEM32\DBGHELP.DLL
0x00007ffde4fc0000 - 0x00007ffde5349000 	C:\WINDOWS\System32\combase.dll
0x00007ffde49f0000 - 0x00007ffde4ac7000 	C:\WINDOWS\System32\OLEAUT32.dll
0x00007ffddaf10000 - 0x00007ffddaf42000 	C:\WINDOWS\SYSTEM32\dbgcore.DLL
0x00007ffde38e0000 - 0x00007ffde395b000 	C:\WINDOWS\System32\bcryptPrimitives.dll
0x00007ffdb6d70000 - 0x00007ffdb6dab000 	C:\Users\Bruna\Downloads\sts-4.16.0.RELEASE\plugins\org.eclipse.justj.openjdk.hotspot.jre.full.win32.x86_64_17.0.4.v20220903-1038\jre\bin\jdwp.dll
0x00007ffddeaf0000 - 0x00007ffddeafe000 	C:\Users\Bruna\Downloads\sts-4.16.0.RELEASE\plugins\org.eclipse.justj.openjdk.hotspot.jre.full.win32.x86_64_17.0.4.v20220903-1038\jre\bin\instrument.dll
0x00007ffdd9ae0000 - 0x00007ffdd9b05000 	C:\Users\Bruna\Downloads\sts-4.16.0.RELEASE\plugins\org.eclipse.justj.openjdk.hotspot.jre.full.win32.x86_64_17.0.4.v20220903-1038\jre\bin\java.dll

dbghelp: loaded successfully - version: 4.0.5 - missing functions: none
symbol engine: initialized successfully - sym options: 0x614 - pdb path: .;C:\Users\Bruna\Downloads\sts-4.16.0.RELEASE\plugins\org.eclipse.justj.openjdk.hotspot.jre.full.win32.x86_64_17.0.4.v20220903-1038\jre\bin;C:\WINDOWS\SYSTEM32;C:\WINDOWS\WinSxS\amd64_microsoft.windows.common-controls_6595b64144ccf1df_6.0.22621.1635_none_270f70857386168e;C:\Users\Bruna\Downloads\sts-4.16.0.RELEASE\plugins\org.eclipse.justj.openjdk.hotspot.jre.full.win32.x86_64_17.0.4.v20220903-1038\jre\bin\server

VM Arguments:
jvm_args: -XX:+ShowCodeDetailsInExceptionMessages -agentlib:jdwp=transport=dt_socket,suspend=y,address=localhost:54774 -Dcom.sun.management.jmxremote -Dcom.sun.management.jmxremote.port=54423 -Dcom.sun.management.jmxremote.authenticate=false -Dcom.sun.management.jmxremote.ssl=false -Djava.rmi.server.hostname=localhost -Dspring.jmx.enabled=true -Dspring.application.admin.enabled=true -XX:TieredStopAtLevel=1 -Dspring.boot.project.name=nowgateway -javaagent:C:\Users\Bruna\Downloads\sts-4.16.0.RELEASE\configuration\org.eclipse.osgi\268\0\.cp\lib\javaagent-shaded.jar -Dfile.encoding=UTF-8 
java_command: api.now.nowapigateway.NowapigatewayApplication --spring.output.ansi.enabled=always
java_class_path (initial): D:\Solos_Brasil\aplicativo-now\aplicativo-now-api-micro-servicos\nowgateway\target\classes;C:\Users\Bruna\.m2\repository\org\springframework\cloud\spring-cloud-starter-gateway\4.0.0\spring-cloud-starter-gateway-4.0.0.jar;C:\Users\Bruna\.m2\repository\org\springframework\cloud\spring-cloud-starter\4.0.0\spring-cloud-starter-4.0.0.jar;C:\Users\Bruna\.m2\repository\org\springframework\cloud\spring-cloud-context\4.0.0\spring-cloud-context-4.0.0.jar;C:\Users\Bruna\.m2\repository\org\springframework\security\spring-security-crypto\6.0.1\spring-security-crypto-6.0.1.jar;C:\Users\Bruna\.m2\repository\org\springframework\cloud\spring-cloud-commons\4.0.0\spring-cloud-commons-4.0.0.jar;C:\Users\Bruna\.m2\repository\org\springframework\security\spring-security-rsa\1.0.11.RELEASE\spring-security-rsa-1.0.11.RELEASE.jar;C:\Users\Bruna\.m2\repository\org\bouncycastle\bcpkix-jdk15on\1.69\bcpkix-jdk15on-1.69.jar;C:\Users\Bruna\.m2\repository\org\bouncycastle\bcprov-jdk15on\1.69\bcprov-jdk15on-1.69.jar;C:\Users\Bruna\.m2\repository\org\bouncycastle\bcutil-jdk15on\1.69\bcutil-jdk15on-1.69.jar;C:\Users\Bruna\.m2\repository\org\springframework\cloud\spring-cloud-gateway-server\4.0.0\spring-cloud-gateway-server-4.0.0.jar;C:\Users\Bruna\.m2\repository\org\springframework\boot\spring-boot-starter-validation\3.0.1\spring-boot-starter-validation-3.0.1.jar;C:\Users\Bruna\.m2\repository\org\apache\tomcat\embed\tomcat-embed-el\10.1.4\tomcat-embed-el-10.1.4.jar;C:\Users\Bruna\.m2\repository\org\hibernate\validator\hibernate-validator\8.0.0.Final\hibernate-validator-8.0.0.Final.jar;C:\Users\Bruna\.m2\repository\jakarta\validation\jakarta.validation-api\3.0.2\jakarta.validation-api-3.0.2.jar;C:\Users\Bruna\.m2\repository\org\jboss\logging\jboss-logging\3.5.0.Final\jboss-logging-3.5.0.Final.jar;C:\Users\Bruna\.m2\repository\com\fasterxml\classmate\1.5.1\classmate-1.5.1.jar;C:\Users\Bruna\.m2\repository\io\projectreactor\addons\reactor-extra\3.5.0\reactor-extra-3.5.0.jar;
Launcher Type: SUN_STANDARD

[Global flags]
     intx CICompilerCount                          = 4                                         {product} {ergonomic}
     uint ConcGCThreads                            = 3                                         {product} {ergonomic}
     uint G1ConcRefinementThreads                  = 10                                        {product} {ergonomic}
   size_t G1HeapRegionSize                         = 4194304                                   {product} {ergonomic}
    uintx GCDrainStackTargetSize                   = 64                                        {product} {ergonomic}
   size_t InitialHeapSize                          = 528482304                                 {product} {ergonomic}
     bool ManagementServer                         = true                                      {product} {command line}
   size_t MarkStackSize                            = 4194304                                   {product} {ergonomic}
   size_t MaxHeapSize                              = 8422162432                                {product} {ergonomic}
   size_t MinHeapDeltaBytes                        = 4194304                                   {product} {ergonomic}
   size_t MinHeapSize                              = 8388608                                   {product} {ergonomic}
    uintx NonProfiledCodeHeapSize                  = 0                                      {pd product} {ergonomic}
     bool ProfileInterpreter                       = false                                  {pd product} {command line}
    uintx ProfiledCodeHeapSize                     = 0                                      {pd product} {ergonomic}
     bool ShowCodeDetailsInExceptionMessages       = true                                   {manageable} {command line}
   size_t SoftMaxHeapSize                          = 8422162432                             {manageable} {ergonomic}
     intx TieredStopAtLevel                        = 1                                         {product} {command line}
     bool UseCompressedClassPointers               = true                           {product lp64_product} {ergonomic}
     bool UseCompressedOops                        = true                           {product lp64_product} {ergonomic}
     bool UseG1GC                                  = true                                      {product} {ergonomic}
     bool UseLargePagesIndividualAllocation        = false                                  {pd product} {ergonomic}

Logging:
Log output configuration:
 #0: stdout all=warning uptime,level,tags
 #1: stderr all=off uptime,level,tags

Environment Variables:
JAVA_HOME=C:\Program Files\Java\java-11-openjdk-11.0.16
PATH=C:\Users\Bruna\Downloads\sts-4.16.0.RELEASE\plugins\org.eclipse.justj.openjdk.hotspot.jre.full.win32.x86_64_17.0.4.v20220903-1038\jre\bin;C:/Users/Bruna/Downloads/sts-4.16.0.RELEASE//plugins/org.eclipse.justj.openjdk.hotspot.jre.full.win32.x86_64_17.0.4.v20220903-1038/jre/bin/server;C:/Users/Bruna/Downloads/sts-4.16.0.RELEASE//plugins/org.eclipse.justj.openjdk.hotspot.jre.full.win32.x86_64_17.0.4.v20220903-1038/jre/bin;C:\Program Files\Eclipse Adoptium\jdk-17.0.4.8-hotspot\bin;C:\Python310\Scripts\;C:\Python310\;C:\Windows\system32;C:\Windows;C:\Windows\System32\Wbem;C:\Windows\System32\WindowsPowerShell\v1.0\;C:\Windows\System32\OpenSSH\;C:\Program Files\Microsoft VS Code\bin;C:\Program Files (x86)\NVIDIA Corporation\PhysX\Common;C:\Program Files\NVIDIA Corporation\NVIDIA NvDLISR;C:\Program Files (x86)\Vim\vim82;C:\Program Files\PuTTY\;C:\Windows\Microsoft.NET\Framework64\v4.0.30319;C:\Program Files\dotnet\;C:\Program Files\Notepad++;C:\ProgramData\chocolatey\bin;C:\Program Files\Git\cmd;C:\Program Files\nodejs\;%SystemRoot%\system32;%SystemRoot%;%SystemRoot%\System32\Wbem;%SYSTEMROOT%\System32\WindowsPowerShell\v1.0\;%SYSTEMROOT%\System32\OpenSSH\;C:\Users\Bruna\AppData\Local\Microsoft\WindowsApps;C:\Users\Bruna\AppData\Roaming\npm;C:\Program Files\Java\java-11-openjdk-11.0.16\bin;;C:\Users\Bruna\Downloads\sts-4.16.0.RELEASE;
USERNAME=Bruna
OS=Windows_NT
PROCESSOR_IDENTIFIER=AMD64 Family 23 Model 96 Stepping 1, AuthenticAMD
TMP=C:\PROGRA~1\KMSpico\temp
TEMP=C:\PROGRA~1\KMSpico\temp



---------------  S Y S T E M  ---------------

OS:
 Windows 11 , 64 bit Build 22621 (10.0.22621.1778)
OS uptime: 18 days 21:56 hours

CPU: total 12 (initial active 12) (12 cores per cpu, 2 threads per core) family 23 model 96 stepping 1 microcode 0x0, cx8, cmov, fxsr, ht, mmx, 3dnowpref, sse, sse2, sse3, ssse3, sse4a, sse4.1, sse4.2, popcnt, lzcnt, tsc, tscinvbit, avx, avx2, aes, clmul, bmi1, bmi2, adx, sha, fma, vzeroupper, clflush, clflushopt

Memory: 4k page, system-wide physical 32125M (14662M free)
TotalPageFile size 51985M (AvailPageFile size 2M)
current process WorkingSet (physical memory assigned to process): 10M, peak: 10M
current process commit charge ("private bytes"): 13M, peak: 14M

vm_info: OpenJDK 64-Bit Server VM (17.0.4.1+1) for windows-amd64 JRE (17.0.4.1+1), built on Aug 17 2022 07:42:43 by "temurin" with MS VC++ 16.7 (VS2019)

END.
